20250319	21:40:52	request	a0a5ab43-2569-4298-8932-89b7b1a87ae4	POST	undefined	/authentication/signin
20250319	21:41:56	request	12f4bb5c-6047-41a0-b707-9d00c9c3263b	POST	undefined	/authentication/signin
20250319	21:43:36	request	bc87628c-8d8c-4184-a991-d22da04fc424	POST	undefined	/authentication/signin
20250319	21:45:04	request	de084f02-1ad2-4ed7-9cfb-b54adc218938	POST	undefined	/authentication/signin
20250319	21:45:23	request	85ca0ebb-b2dd-42af-9521-b2153e87631e	POST	undefined	/authentication/signin
20250320	08:02:58	request	1b3c932a-2041-474d-b8d5-ef03715f09de	POST	undefined	/authentication/signin
20250320	08:04:17	request	daaa4886-0192-4bbf-b4b2-3dbc80c90d20	POST	undefined	/authentication/signin
20250320	08:04:58	request	05b627f8-f1ac-4ee4-93a8-002ee8430cf5	POST	undefined	/authentication/signin
20250320	08:07:19	request	d55253c8-5ca8-4d0a-b433-0c09c5084f9c	POST	undefined	/authentication/signin
20250320	08:09:03	request	7a5481cd-341e-49f7-b883-6b2a447720f4	POST	undefined	/authentication/signin
20250320	08:09:18	request	bcb7da5b-29bb-46ed-bc24-5a40105f6a8d	POST	undefined	/authentication/signin
20250320	08:15:23	request	4204125e-97ff-4c74-a094-03ca000fd91c	POST	undefined	/authentication/signin
20250320	08:16:14	request	89d7e0f1-4bac-4fdf-a53b-726630731e97	POST	undefined	/authentication/signin
20250320	08:22:40	request	260fe77f-306e-438c-92de-21104bb40b92	POST	undefined	/authentication/signin
20250320	08:22:57	request	3553e599-9985-479e-90d3-4b46355c6614	POST	undefined	/authentication/signin
20250320	08:25:11	request	ea3f2a20-c52d-4c41-8267-acb98f54a6ce	POST	undefined	/authentication/signin
20250320	08:25:55	request	5748db49-4e49-43c9-9079-61e305683f6b	POST	undefined	/authentication/signin
20250320	08:26:39	request	a3948d29-ff8e-4947-9eec-593fdec1c790	POST	undefined	/authentication/signin
20250320	08:30:51	request	7314df90-2306-49ee-bed1-246c2490ee39	POST	undefined	/authentication/signin
20250320	08:42:20	request	d054158a-37c5-43e1-9dc4-76bf1b2e57d7	POST	undefined	/authentication/signin
20250320	08:42:43	request	b31338c8-f06e-40c5-ab48-7ab7ebedf471	POST	undefined	/authentication/signin
20250320	08:43:06	request	8d74a9b3-8a6d-466a-874c-a65507840755	POST	undefined	/authentication/signin
20250320	08:44:04	request	ebf67f3f-0552-4d7c-a2a0-cc586326784f	POST	undefined	/authentication/signin
20250320	08:44:53	request	347a958f-12b2-4f4e-9ff4-affaa3cbdc38	POST	undefined	/authentication/signin
20250320	08:45:20	request	a0ed0747-fb5d-435c-967c-97c6ac147a38	POST	undefined	/authentication/signin
20250320	08:46:49	request	797ec77f-58b7-4d17-ad6e-66a41198a4dc	POST	undefined	/authentication/signin
20250320	09:07:51	request	18cc755f-7536-4e16-aa1c-183987cc31ca	GET	undefined	/employees?id=ALL
20250320	09:09:21	request	df9e972f-6f46-4569-9653-8167cb52b25e	GET	undefined	/employees?id=ALL
20250320	09:09:55	request	280deca4-ad70-4fd6-91f5-2e03fa24d4df	GET	undefined	/employees?id=ALL
20250320	09:11:55	request	dfc24755-4277-4194-b5c2-59747edb6fd5	POST	undefined	/authentication/signin
20250320	09:12:07	request	1fdfebb2-3b64-467f-b7cf-ba1c5da7ce70	GET	undefined	/employees?id=ALL
20250320	09:12:23	request	c5c58ed1-7f8b-4d1c-95b3-f8b192a3c22c	GET	undefined	/employees?id=ALL
20250320	09:13:24	request	888ae385-e295-497c-953e-5e1d4fde47a3	GET	undefined	/employees?id=ALL
20250320	09:13:59	request	005fe843-f268-4093-8e0c-4dad156e9457	GET	undefined	/employees?id=ALL
20250320	09:17:54	request	8565db16-e3c6-4403-a48b-2653cfdd99e3	GET	undefined	/employees?id=ALL
20250320	09:18:22	request	3ec118c7-1b61-4651-a969-2bc0665af202	GET	undefined	/employees?id=ALL
20250320	09:25:25	request	b51168b5-0273-4ae3-8884-e05295024ec0	GET	undefined	/employees?id=ALL
20250320	09:25:36	request	c2887f79-e22b-4cc7-96c9-a12c6c83b77b	GET	undefined	/employees?id=ALL
20250320	09:25:54	request	fd62385e-5728-456a-8c49-c3b7d4d9d43d	GET	undefined	/employees?id=ALL
20250320	09:26:03	request	b1c65600-82b1-44e8-94e7-d8d372922b24	GET	undefined	/employees?id=ALL
20250320	09:26:46	request	fee77387-4008-4c61-adc5-069f621400f6	POST	undefined	/authentication/signin
20250320	09:27:12	request	31235522-f8ba-4d1f-8948-4b7ad6346398	GET	undefined	/employees?id=ALL
20250320	09:28:05	request	7542069e-1f44-451a-a5e5-0b6f1e23a50e	GET	undefined	/employees?id=ALL
20250320	09:34:06	request	eb2dab7f-26fa-414e-a79d-c6756d504387	GET	undefined	/employees?id=ALL
20250320	09:34:38	request	eafef72c-16fd-4f16-9d21-6e3b898cde31	GET	undefined	/employees?id=ALL
20250320	09:34:39	request	df70251c-df36-4136-bcce-6d8ce17df379	GET	undefined	/employees?id=ALL
20250320	09:34:40	request	18182edd-426e-4bf7-b2f9-62a8d5560cb6	GET	undefined	/employees?id=ALL
20250320	09:36:56	request	bcd15742-132c-4c0f-9176-f76793572e34	GET	undefined	/employees?id=ALL
20250320	09:45:22	request	25017880-0bec-466e-aca9-7a213fed5447	GET	undefined	/employees?id=ALL
20250320	09:45:58	request	6ff1e6b5-3b31-4423-bec4-294b9f61820f	GET	undefined	/employees?id=ALL
20250320	09:46:08	request	d9284783-36d8-4917-ace9-a33accf17959	GET	undefined	/employees?id=ALL
20250320	09:49:43	request	8e603526-5ecc-4424-939f-38337be7f3b9	GET	undefined	/employees?id=ALL
20250320	09:50:35	request	cd7c1cc2-a669-4f69-bb9c-b9263c630be4	GET	undefined	/employees?id=ALL
20250320	09:50:38	request	6fdcd5c3-3c4f-4adc-9742-ca3af183067e	GET	undefined	/employees?id=ALL
20250320	09:50:39	request	383a1b65-5492-4420-ae19-42a327a25a61	GET	undefined	/employees?id=ALL
20250320	09:50:40	request	ac9243d1-745c-4e53-a554-38b8e20d20b0	GET	undefined	/employees?id=ALL
20250320	09:51:15	request	5a4ffabf-7186-415e-b132-9092e7cf570a	GET	undefined	/employees?id=ALL
20250320	09:51:53	request	cd79c895-3b6c-47ec-aa0d-d1c45c9c5b99	GET	undefined	/employees?id=ALL
20250320	09:52:35	request	fccb64d2-a07b-45ea-a128-5830e9199974	GET	undefined	/employees?id=ALL
20250320	09:52:59	request	df68c590-4361-4132-93d8-d5d9e5d22d3f	GET	undefined	/employees?id=ALL
20250320	09:53:33	request	378fb45b-708f-435c-b63e-94a175f90a65	GET	undefined	/employees?id=ALL
20250320	09:54:08	request	6d95cc8b-e96f-44d0-bc44-f01fbd55db46	GET	undefined	/employees?id=ALL
20250320	09:54:39	request	9b63087e-e6f3-41d9-97e7-3bced18ed167	GET	undefined	/employees?id=ALL
20250320	09:55:47	request	f43b25c0-cb29-43cd-aeba-e23968b80b67	GET	undefined	/employees?id=ALL
20250320	09:56:50	request	55dbbbd4-4cbc-4181-8e8b-58d47b5aaf19	GET	undefined	/employees?id=ALL
20250320	09:56:53	request	32b0a9d1-b8c3-44ab-9d2a-a7b6d6c5dbb5	GET	undefined	/employees?id=ALL
20250320	09:57:10	request	20974fd4-3346-46e7-865d-cb074581da53	GET	undefined	/employees?id=ALL
20250320	09:57:11	request	a2e08066-a94e-461f-9ac6-b610dd8656a0	GET	undefined	/employees?id=ALL
20250320	09:57:12	request	9b6b74ab-8c53-4e3b-afeb-3b28536d3149	GET	undefined	/employees?id=ALL
20250320	09:57:29	request	0cfde4f9-7c4a-47df-a626-2dfd742ee100	GET	undefined	/employees?id=ALL
20250320	09:58:31	request	0050522a-a07f-4473-a65e-5f3f179ff979	GET	undefined	/employees?id=ALL
20250320	10:03:20	request	544cee93-22cc-4ba9-bf8c-47f19f678c93	GET	undefined	/employees?id=ALL
20250320	10:04:20	request	6d3c2758-2bc7-43ea-919a-041aea8654d0	GET	undefined	/employees?id=ALL
20250320	10:04:36	request	64769676-8ed5-4e31-80c1-13f85350a877	GET	undefined	/employees?id=ALL
20250320	10:05:06	request	f5c323b1-3a67-4cd0-83de-2a34d834b6ab	GET	undefined	/employees?id=ALL
20250320	10:06:47	request	77225e7c-f8c7-4221-872f-3a8f6f7ce856	GET	undefined	/employees?id=ALL
20250320	10:07:01	request	0dadd43b-19fb-4321-925d-abe4e8531e05	GET	undefined	/employees?id=ALL
20250320	10:07:52	request	8a737416-5855-4b9c-939e-6b4103e8c369	POST	undefined	/authentication/signin
20250320	10:08:02	request	cbc52e89-5a55-4cd1-88fb-922ace276a5d	GET	undefined	/employees?id=ALL
20250320	10:12:32	request	bef55db5-08ad-48e1-8ea6-b2fef900ca45	GET	undefined	/employees?id=ALL
20250320	10:14:04	request	daf2a9fe-c2c8-4cc0-b1ae-7f0db4fce997	GET	undefined	/employees?id=ALL
20250320	10:14:21	request	10f72922-8cf5-467e-85a4-75fa1a3cf1c2	GET	undefined	/employees?id=ALL
20250321	15:20:09	request	28bebe70-345f-4e7d-9a63-bc27450d49ad	GET	undefined	/logout/access
20250321	15:20:22	request	22834d22-f88c-4ef1-b9e5-6ea40c05b4dd	GET	undefined	/logout/access
20250321	15:20:28	request	1bd9571a-34d7-4dc0-a902-f898a55f6b2b	GET	undefined	/logout/access
20250321	15:20:37	request	3db21909-0921-4237-b2fa-b2ad11bfd9f7	DELETE	undefined	/logout/access
20250321	15:20:38	request	6c0a6a43-7d7e-4f7d-8dba-5a2d27b76fd9	DELETE	undefined	/logout/access
20250321	15:20:39	request	6b6e660c-fb85-46a4-983e-a40a684c4cd1	DELETE	undefined	/logout/access
20250321	15:21:50	request	c40cd55a-48ac-4c7c-85e7-34a13a4365fb	DELETE	undefined	/logout/access
20250321	15:21:51	request	190e053a-3f3c-4526-8e0c-fb18a6c0083e	DELETE	undefined	/logout/access
20250321	15:21:51	request	cab91bbb-249c-434f-99e7-48307f49ff97	DELETE	undefined	/logout/access
20250321	15:22:03	request	45a8a6ad-5ba6-4970-ba60-a651fc138e62	DELETE	undefined	/logout
20250321	15:22:04	request	8e4ba36e-9b9b-45e4-aeea-049696e070cd	DELETE	undefined	/logout
20250321	15:22:10	request	94920d59-8318-479b-bd8e-17c3a555d2ff	DELETE	undefined	/logout
20250321	15:22:56	request	c6f7781f-5c34-4723-89df-893b695b4acf	POST	undefined	/authentication/signin
20250321	15:23:35	request	50a5f98a-6a24-4db4-8676-df15b030fb47	DELETE	undefined	/logout/access
20250321	15:24:10	request	10a34a4a-d68b-46be-9a3b-b99b101af02f	DELETE	undefined	/logout/access
20250321	15:24:11	request	a5df09ae-afee-4559-bc60-e5c02a8f68e9	DELETE	undefined	/logout/access
20250321	15:24:11	request	2594cc92-6bf2-4c71-82e3-82c659da6133	DELETE	undefined	/logout/access
20250321	15:24:12	request	08dd340d-8f11-4f76-8e86-90a438cfab37	DELETE	undefined	/logout/access
20250321	15:24:14	request	8302d617-0854-46ab-a9b6-ac9ff882d784	DELETE	undefined	/logout/access
20250321	15:24:15	request	1a2c1e5f-f65d-4f13-845b-d625067ae32a	DELETE	undefined	/logout/access
20250321	15:24:15	request	2d785ecc-537e-4a98-8d4b-57e857d06137	DELETE	undefined	/logout/access
20250321	15:24:25	request	eed867dd-46f5-41c8-9005-e7cf32b27d7d	DELETE	undefined	/logout/access
20250321	15:24:26	request	a9ab2d22-9c1e-4dbd-b8e8-2e2ae19b3abb	DELETE	undefined	/logout/access
20250321	15:25:26	request	d8bc5cdd-c175-4de7-b840-ed0131ccbe98	DELETE	undefined	/logout/access
20250321	15:25:27	request	bfa5b531-1733-4fbb-b35d-c3d1dbc39568	DELETE	undefined	/logout/access
20250321	15:25:27	request	a822ce43-4471-4ec8-b30e-7b62f2b0ca5a	DELETE	undefined	/logout/access
20250321	15:25:44	request	65d2ea63-b3cc-4a6c-8c4e-808c63629a3a	DELETE	undefined	/logout/access
20250321	15:25:46	request	b0141b2e-c849-4c8c-ac39-e95b1e52c84d	DELETE	undefined	/logout/access
20250321	15:25:46	request	4dc613d8-d923-436f-9a00-cc76e5a574e1	DELETE	undefined	/logout/access
20250321	15:26:08	request	b710529f-d2c6-4191-9d36-aea21d41fd30	DELETE	undefined	/logout/access
20250321	15:26:43	request	1618e169-5dfb-493f-b63b-9bed2ad9f626	DELETE	undefined	/authentication/logout/access
20250321	15:26:59	request	28b606d1-25a7-41ea-b822-611fe839790e	DELETE	undefined	/authentication/logout/access
20250321	15:32:53	request	5e515dd4-fc4f-48bd-b3a0-b618a4dd0d75	DELETE	undefined	/authentication/logout/access
20250321	15:33:07	request	aa6d5a88-a939-4ef6-aea2-d55ed9777822	DELETE	undefined	/authentication/logout/access
20250321	15:37:15	request	bd65c030-f28a-42b0-8c58-8ebb440a55e8	DELETE	undefined	/authentication/logout/access
20250321	15:43:05	request	bb7538d5-3923-4a63-84c6-e4178e3bfcd3	DELETE	undefined	/authentication/logout/access
20250321	15:47:06	request	66f491fe-e32c-407a-8122-4d5ba6b83a28	DELETE	undefined	/authentication/logout/access
20250321	15:47:45	request	28c18ba6-08f4-4866-8573-2d71c233fc0f	DELETE	undefined	/authentication/logout/access
20250321	15:47:48	request	1aad5d40-1883-4a17-bf23-2c8a2a7de0a0	DELETE	undefined	/authentication/logout/access
20250321	15:47:52	request	8316b314-175e-4eb1-a510-7e445e6c81dd	DELETE	undefined	/authentication/logout/access
20250321	15:47:53	request	134f2e6b-ffb9-41ea-9f10-409f3fab9da9	DELETE	undefined	/authentication/logout/access
